<?xml version="1.0" encoding="UTF-8"?>
<!-- Generated by org.testng.reporters.JUnitXMLReporter -->
<testsuite ignored="0" hostname="10503-L-79469" failures="0" tests="4" name="Login Test Cases" time="46.792" errors="0" timestamp="2021-01-11T18:24:12 IST">
  <testcase classname="loginTestCases.Login" name="bothcorrect" time="11.405"/>
  <testcase classname="loginTestCases.Login" name="bothcorrect" time="10.118"/>
  <testcase classname="loginTestCases.Login" name="bothcorrect" time="10.466"/>
  <testcase classname="loginTestCases.Login" name="bothcorrect" time="14.763"/>
</testsuite> <!-- Login Test Cases -->
