<?xml version="1.0" encoding="UTF-8"?>
<!-- Generated by org.testng.reporters.JUnitXMLReporter -->
<testsuite ignored="0" hostname="10503-L-79469" failures="0" tests="4" name="Test Cases" time="44.295" errors="0" timestamp="2021-01-11T13:17:14 IST">
  <testcase classname="loginTestCases.CorrectUser" name="user" time="10.347"/>
  <testcase classname="loginTestCases.CorrectPassword" name="pwd" time="8.474"/>
  <testcase classname="loginTestCases.BothIncorrect" name="bothincorrect" time="8.952"/>
  <testcase classname="loginTestCases.BothCorrect" name="bothcorrect" time="16.478"/>
</testsuite> <!-- Test Cases -->
